<?xml version="1.0" encoding="UTF-8"?>
<!-- Generated by org.testng.reporters.JUnitXMLReporter -->
<testsuite ignored="0" hostname="BLR-REG-338464" failures="0" tests="4" name="Surefire test" time="0.03" errors="0" timestamp="2023-01-11T14:52:46 IST">
  <testcase classname="com.stackroute.hrproject.AEmployeeAppTest" name="testEAddEmployee" time="0.004"/>
  <testcase classname="com.stackroute.hrproject.AEmployeeAppTest" name="testFgetAllEmployees" time="0.0"/>
  <testcase classname="com.stackroute.hrproject.BEmployeeAppTest" name="testCAddEmployee" time="0.0"/>
  <testcase classname="com.stackroute.hrproject.BEmployeeAppTest" name="testDgetAllEmployees" time="0.0"/>
</testsuite> <!-- Surefire test -->
