<?xml version="1.0" encoding="UTF-8"?>
<!-- Generated by org.testng.reporters.JUnitXMLReporter -->
<testsuite ignored="0" hostname="BLR-REG-338464" failures="0" tests="6" name="FullTest" time="0.065" errors="0" timestamp="2023-01-11T14:34:52 IST">
  <testcase classname="com.stackroute.hrproject.EmployeeAppTest2" name="testCAddEmployee" time="0.009"/>
  <testcase classname="com.stackroute.hrproject.EmployeeAppTest2" name="testDgetAllEmployees" time="0.002"/>
  <testcase classname="com.stackroute.hrproject.EmployeeAppTest" name="testEAddEmployee" time="0.001"/>
  <testcase classname="com.stackroute.hrproject.EmployeeAppTest" name="testFgetAllEmployees" time="0.001"/>
  <testcase classname="com.stackroute.hrproject.EmployeeAppTest3" name="testAddEmployee" time="0.002"/>
  <testcase classname="com.stackroute.hrproject.EmployeeAppTest3" name="testBgetAllEmployees" time="0.002"/>
</testsuite> <!-- FullTest -->
