<?xml version="1.0" encoding="UTF-8"?>
<!-- Generated by org.testng.reporters.JUnitXMLReporter -->
<testsuite ignored="1" hostname="BLR-REG-338464" failures="0" tests="5" name="FullTest" time="0.037" errors="0" timestamp="2023-01-11T15:16:55 IST">
  <testcase classname="com.stackroute.hrproject.AEmployeeAppTest" name="testEAddEmployee" time="0.004"/>
  <testcase classname="com.stackroute.hrproject.BEmployeeAppTest" name="testCAddEmployee" time="0.0"/>
  <testcase classname="com.stackroute.hrproject.BEmployeeAppTest" name="testDgetAllEmployees" time="0.0"/>
  <testcase classname="com.stackroute.hrproject.CEmployeeAppTest" name="testAddEmployee" time="0.0"/>
  <testcase classname="com.stackroute.hrproject.CEmployeeAppTest" name="testBgetAllEmployees" time="0.0"/>
  <testcase classname="com.stackroute.hrproject.AEmployeeAppTest" name="testFgetAllEmployees" time="0.0">
    <ignored/>
  </testcase> <!-- testFgetAllEmployees -->
</testsuite> <!-- FullTest -->
