-------------------------------------------------------------------------------
Test set: com.stackroute.hrproject.EmployeeAppTest
-------------------------------------------------------------------------------
Tests run: 2, Failures: 1, Errors: 0, Skipped: 0, Time elapsed: 0.626 s <<< FAILURE! - in com.stackroute.hrproject.EmployeeAppTest
testEAddEmployee(com.stackroute.hrproject.EmployeeAppTest)  Time elapsed: 0.01 s  <<< FAILURE!
java.lang.AssertionError: expected [true] but found [false]
	at com.stackroute.hrproject.EmployeeAppTest.testEAddEmployee(EmployeeAppTest.java:46)

