<?xml version="1.0" encoding="UTF-8"?>
<testsuite xmlns:xsi="http://www.w3.org/2001/XMLSchema-instance" xsi:noNamespaceSchemaLocation="https://maven.apache.org/surefire/maven-surefire-plugin/xsd/surefire-test-report.xsd" name="TestSuite" time="0.638" tests="5" errors="0" skipped="0" failures="0">
  <properties>
[...]
</properties>
  <testcase name="testEAddEmployee" classname="com.stackroute.hrproject.AEmployeeAppTest" time="0.005"/>
  <testcase name="testCAddEmployee" classname="com.stackroute.hrproject.BEmployeeAppTest" time="0"/>
  <testcase name="testDgetAllEmployees" classname="com.stackroute.hrproject.BEmployeeAppTest" time="0"/>
  <testcase name="testAddEmployee" classname="com.stackroute.hrproject.CEmployeeAppTest" time="0"/>
  <testcase name="testBgetAllEmployees" classname="com.stackroute.hrproject.CEmployeeAppTest" time="0"/>
</testsuite>